Determining if the pthread_create exist failed with the following output:
Change Dir: /home/yop/Programmation/Projets/CarPark/raspi_car/build/CMakeFiles/CMakeTmp

Run Build Command:"/usr/bin/make" "cmTC_16599/fast"
make[1] : on entre dans le répertoire « /home/yop/Programmation/Projets/CarPark/raspi_car/build/CMakeFiles/CMakeTmp »
/usr/bin/make -f CMakeFiles/cmTC_16599.dir/build.make CMakeFiles/cmTC_16599.dir/build
make[2] : on entre dans le répertoire « /home/yop/Programmation/Projets/CarPark/raspi_car/build/CMakeFiles/CMakeTmp »
Building C object CMakeFiles/cmTC_16599.dir/CheckSymbolExists.c.o
/usr/bin/cc    -o CMakeFiles/cmTC_16599.dir/CheckSymbolExists.c.o   -c /home/yop/Programmation/Projets/CarPark/raspi_car/build/CMakeFiles/CMakeTmp/CheckSymbolExists.c
Linking C executable cmTC_16599
/usr/bin/cmake -E cmake_link_script CMakeFiles/cmTC_16599.dir/link.txt --verbose=1
/usr/bin/cc      -rdynamic CMakeFiles/cmTC_16599.dir/CheckSymbolExists.c.o  -o cmTC_16599 
CMakeFiles/cmTC_16599.dir/CheckSymbolExists.c.o : Dans la fonction « main » :
CheckSymbolExists.c:(.text+0x1b) : référence indéfinie vers « pthread_create »
collect2: error: ld a retourné le statut de sortie 1
make[2]: *** [CMakeFiles/cmTC_16599.dir/build.make:98: cmTC_16599] Error 1
make[2] : on quitte le répertoire « /home/yop/Programmation/Projets/CarPark/raspi_car/build/CMakeFiles/CMakeTmp »
make[1]: *** [Makefile:126: cmTC_16599/fast] Error 2
make[1] : on quitte le répertoire « /home/yop/Programmation/Projets/CarPark/raspi_car/build/CMakeFiles/CMakeTmp »

File /home/yop/Programmation/Projets/CarPark/raspi_car/build/CMakeFiles/CMakeTmp/CheckSymbolExists.c:
/* */
#include <pthread.h>

int main(int argc, char** argv)
{
  (void)argv;
#ifndef pthread_create
  return ((int*)(&pthread_create))[argc];
#else
  (void)argc;
  return 0;
#endif
}

Determining if the function pthread_create exists in the pthreads failed with the following output:
Change Dir: /home/yop/Programmation/Projets/CarPark/raspi_car/build/CMakeFiles/CMakeTmp

Run Build Command:"/usr/bin/make" "cmTC_599ae/fast"
make[1] : on entre dans le répertoire « /home/yop/Programmation/Projets/CarPark/raspi_car/build/CMakeFiles/CMakeTmp »
/usr/bin/make -f CMakeFiles/cmTC_599ae.dir/build.make CMakeFiles/cmTC_599ae.dir/build
make[2] : on entre dans le répertoire « /home/yop/Programmation/Projets/CarPark/raspi_car/build/CMakeFiles/CMakeTmp »
Building C object CMakeFiles/cmTC_599ae.dir/CheckFunctionExists.c.o
/usr/bin/cc   -DCHECK_FUNCTION_EXISTS=pthread_create   -o CMakeFiles/cmTC_599ae.dir/CheckFunctionExists.c.o   -c /usr/share/cmake-3.10/Modules/CheckFunctionExists.c
Linking C executable cmTC_599ae
/usr/bin/cmake -E cmake_link_script CMakeFiles/cmTC_599ae.dir/link.txt --verbose=1
/usr/bin/cc  -DCHECK_FUNCTION_EXISTS=pthread_create    -rdynamic CMakeFiles/cmTC_599ae.dir/CheckFunctionExists.c.o  -o cmTC_599ae -lpthreads 
/usr/bin/ld : ne peut trouver -lpthreads
collect2: error: ld a retourné le statut de sortie 1
make[2]: *** [CMakeFiles/cmTC_599ae.dir/build.make:98: cmTC_599ae] Error 1
make[2] : on quitte le répertoire « /home/yop/Programmation/Projets/CarPark/raspi_car/build/CMakeFiles/CMakeTmp »
make[1]: *** [Makefile:126: cmTC_599ae/fast] Error 2
make[1] : on quitte le répertoire « /home/yop/Programmation/Projets/CarPark/raspi_car/build/CMakeFiles/CMakeTmp »


